<?xml version="1.0" encoding="UTF-8"?>
<!-- Generated by org.testng.reporters.JUnitReportReporter -->
<testsuite hostname="DESKTOP-SQ0JKF4" failures="0" tests="2" name="com.executeAutomation.TestCase.VerifyLogin" time="9.347" errors="0" timestamp="2021-03-18T22:13:12 IST" skipped="0">
  <testcase classname="com.executeAutomation.TestCase.VerifyLogin" name="VerifyLoginp" time="6.484"/>
  <system-out/>
  <testcase classname="com.executeAutomation.TestCase.VerifyLogin" name="VerifyHomep" time="2.863"/>
  <system-out/>
</testsuite> <!-- com.executeAutomation.TestCase.VerifyLogin -->
